<?xml version="1.0" encoding="UTF-8"?>
<!-- Generated by org.testng.reporters.JUnitReportReporter -->
<testsuite skipped="0" hostname="Monas-MBP.fritz.box" name="tests.BasicFlowE2E" tests="8" failures="0" timestamp="2021-09-14T21:14:51 CEST" time="63.575" errors="0">
  <testcase name="addAccounts" time="15.586" classname="tests.BasicFlowE2E"/>
  <system-out/>
  <testcase name="ValidateAccounts" time="9.467" classname="tests.BasicFlowE2E"/>
  <system-out/>
  <testcase name="AddIncome" time="10.078" classname="tests.BasicFlowE2E"/>
  <system-out/>
  <testcase name="AddExpense" time="15.231" classname="tests.BasicFlowE2E"/>
  <system-out/>
  <testcase name="ValidateTotal" time="4.391" classname="tests.BasicFlowE2E"/>
  <system-out/>
  <testcase name="AssertCategoryList" time="2.113" classname="tests.BasicFlowE2E"/>
  <system-out/>
  <testcase name="AssertCategoryAndValue" time="0.542" classname="tests.BasicFlowE2E"/>
  <system-out/>
  <testcase name="clearData" time="6.167" classname="tests.BasicFlowE2E"/>
  <system-out/>
</testsuite> <!-- tests.BasicFlowE2E -->
